  Preprocessing: convolution.cl
  Ignoring -TARGETOS option - not supported for 64-bit version of this tool 
  
  Using build options:  -I "D:\c\fsrcnn\찐완성본\FSRCNN_OpenCL\FSRCNN_OpenCL"
  Platform name: Intel(R) OpenCL HD Graphics
  Device name: Intel(R) UHD Graphics 630
  Device version: OpenCL 3.0 NEO 
  Device vendor: Intel(R) Corporation
  Device profile: FULL_PROFILE
D:\c\fsrcnn\찐완성본\FSRCNN_OpenCL\FSRCNN_OpenCL\convolution.cl(8,1): warning CL: typedef requires a name
  typedef struct _SR {
  ^~~~~~~
D:\c\fsrcnn\찐완성본\FSRCNN_OpenCL\FSRCNN_OpenCL\convolution.cl(12,1): warning CL: typedef requires a name
  typedef struct _SM {
  ^~~~~~~
D:\c\fsrcnn\찐완성본\FSRCNN_OpenCL\FSRCNN_OpenCL\convolution.cl(17,1): warning CL: typedef requires a name
  typedef struct _Output {
  ^~~~~~~
D:\c\fsrcnn\찐완성본\FSRCNN_OpenCL\FSRCNN_OpenCL\convolution.cl(21,1): warning CL: typedef requires a name
  typedef struct _Output_B {
  ^~~~~~~
  
  on_g_mat info:
  	Maximum work-group size: 256
  	Compiler work-group size: (0, 0, 0)
  	Local memory size: 0
  	Preferred multiple of work-group size: 32
  	Minimum amount of private memory: 0
  	Amount of spill memory used by the kernel: 8192
  
  on_g_mat_1 info:
  	Maximum work-group size: 256
  	Compiler work-group size: (0, 0, 0)
  	Local memory size: 0
  	Preferred multiple of work-group size: 32
  	Minimum amount of private memory: 0
  	Amount of spill memory used by the kernel: 0
  
  on_g_trans info:
  	Maximum work-group size: 256
  	Compiler work-group size: (0, 0, 0)
  	Local memory size: 0
  	Preferred multiple of work-group size: 32
  	Minimum amount of private memory: 0
  	Amount of spill memory used by the kernel: 0
  
  Build succeeded!
  
cl : 명령줄 warning D9035: 'Gm' 옵션은 더 이상 사용되지 않으므로 이후 릴리스에서 제거될 예정입니다.
  first_part.cpp
  cl_version.h: CL_TARGET_OPENCL_VERSION is not defined. Defaulting to 220 (OpenCL 2.2)
D:\c\fsrcnn\찐완성본\FSRCNN_OpenCL\FSRCNN_OpenCL\util.h(15,2): warning C4091: 'typedef ': 변수를 선언하지 않으면 'strs' 왼쪽은 무시됩니다.
D:\c\fsrcnn\찐완성본\FSRCNN_OpenCL\FSRCNN_OpenCL\util.h(15,8): warning C4091: '': 변수를 선언하지 않으면 'strs' 왼쪽은 무시됩니다.
D:\c\fsrcnn\찐완성본\FSRCNN_OpenCL\FSRCNN_OpenCL\util.h(20,2): warning C4091: 'typedef ': 변수를 선언하지 않으면 '_element' 왼쪽은 무시됩니다.
D:\c\fsrcnn\찐완성본\FSRCNN_OpenCL\FSRCNN_OpenCL\util.h(20,12): warning C4091: '': 변수를 선언하지 않으면 '_element' 왼쪽은 무시됩니다.
D:\c\fsrcnn\찐완성본\FSRCNN_OpenCL\FSRCNN_OpenCL\util.h(24,2): warning C4091: 'typedef ': 변수를 선언하지 않으면 '_SR' 왼쪽은 무시됩니다.
D:\c\fsrcnn\찐완성본\FSRCNN_OpenCL\FSRCNN_OpenCL\util.h(24,7): warning C4091: '': 변수를 선언하지 않으면 '_SR' 왼쪽은 무시됩니다.
D:\c\fsrcnn\찐완성본\FSRCNN_OpenCL\FSRCNN_OpenCL\util.h(29,2): warning C4091: 'typedef ': 변수를 선언하지 않으면 '_SM' 왼쪽은 무시됩니다.
D:\c\fsrcnn\찐완성본\FSRCNN_OpenCL\FSRCNN_OpenCL\util.h(29,7): warning C4091: '': 변수를 선언하지 않으면 '_SM' 왼쪽은 무시됩니다.
D:\c\fsrcnn\찐완성본\FSRCNN_OpenCL\FSRCNN_OpenCL\util.h(33,2): warning C4091: 'typedef ': 변수를 선언하지 않으면 '_Output' 왼쪽은 무시됩니다.
D:\c\fsrcnn\찐완성본\FSRCNN_OpenCL\FSRCNN_OpenCL\util.h(33,11): warning C4091: '': 변수를 선언하지 않으면 '_Output' 왼쪽은 무시됩니다.
D:\c\fsrcnn\찐완성본\FSRCNN_OpenCL\FSRCNN_OpenCL\util.h(37,2): warning C4091: 'typedef ': 변수를 선언하지 않으면 '_Output_B' 왼쪽은 무시됩니다.
D:\c\fsrcnn\찐완성본\FSRCNN_OpenCL\FSRCNN_OpenCL\util.h(37,13): warning C4091: '': 변수를 선언하지 않으면 '_Output_B' 왼쪽은 무시됩니다.
D:\c\fsrcnn\찐완성본\FSRCNN_OpenCL\FSRCNN_OpenCL\util.h(45,2): warning C4091: 'typedef ': 변수를 선언하지 않으면 '_bcelement' 왼쪽은 무시됩니다.
D:\c\fsrcnn\찐완성본\FSRCNN_OpenCL\FSRCNN_OpenCL\util.h(45,14): warning C4091: '': 변수를 선언하지 않으면 '_bcelement' 왼쪽은 무시됩니다.
D:\c\fsrcnn\찐완성본\FSRCNN_OpenCL\FSRCNN_OpenCL\util.h(49,2): warning C4091: 'typedef ': 변수를 선언하지 않으면 '_bcSR' 왼쪽은 무시됩니다.
D:\c\fsrcnn\찐완성본\FSRCNN_OpenCL\FSRCNN_OpenCL\util.h(49,9): warning C4091: '': 변수를 선언하지 않으면 '_bcSR' 왼쪽은 무시됩니다.
D:\c\fsrcnn\찐완성본\FSRCNN_OpenCL\FSRCNN_OpenCL\util.h(54,2): warning C4091: 'typedef ': 변수를 선언하지 않으면 '_bcSM' 왼쪽은 무시됩니다.
D:\c\fsrcnn\찐완성본\FSRCNN_OpenCL\FSRCNN_OpenCL\util.h(54,9): warning C4091: '': 변수를 선언하지 않으면 '_bcSM' 왼쪽은 무시됩니다.
D:\c\fsrcnn\찐완성본\FSRCNN_OpenCL\FSRCNN_OpenCL\util.h(128,19): warning C4018: '<': signed 또는 unsigned가 일치하지 않습니다.
D:\c\fsrcnn\찐완성본\FSRCNN_OpenCL\FSRCNN_OpenCL\util.h(136,23): warning C4018: '<': signed 또는 unsigned가 일치하지 않습니다.
D:\c\fsrcnn\찐완성본\FSRCNN_OpenCL\FSRCNN_OpenCL\util.h(322,30): warning C4838: 'int'에서 'size_t'(으)로의 변환에는 축소 변환이 필요합니다.
D:\c\fsrcnn\찐완성본\FSRCNN_OpenCL\FSRCNN_OpenCL\util.h(322,47): warning C4838: 'int'에서 'size_t'(으)로의 변환에는 축소 변환이 필요합니다.
D:\c\fsrcnn\찐완성본\FSRCNN_OpenCL\FSRCNN_OpenCL\util.h(324,22): warning C4101: 'maxVal' :참조되지 않은 지역 변수입니다.
D:\c\fsrcnn\찐완성본\FSRCNN_OpenCL\FSRCNN_OpenCL\util.h(324,12): warning C4101: 'minVal' :참조되지 않은 지역 변수입니다.
D:\c\fsrcnn\찐완성본\FSRCNN_OpenCL\FSRCNN_OpenCL\util.h(363,30): warning C4838: 'int'에서 'size_t'(으)로의 변환에는 축소 변환이 필요합니다.
D:\c\fsrcnn\찐완성본\FSRCNN_OpenCL\FSRCNN_OpenCL\util.h(363,47): warning C4838: 'int'에서 'size_t'(으)로의 변환에는 축소 변환이 필요합니다.
D:\c\fsrcnn\찐완성본\FSRCNN_OpenCL\FSRCNN_OpenCL\util.h(365,22): warning C4101: 'maxVal' :참조되지 않은 지역 변수입니다.
D:\c\fsrcnn\찐완성본\FSRCNN_OpenCL\FSRCNN_OpenCL\util.h(365,12): warning C4101: 'minVal' :참조되지 않은 지역 변수입니다.
D:\c\fsrcnn\찐완성본\FSRCNN_OpenCL\FSRCNN_OpenCL\util.h(401,30): warning C4838: 'int'에서 'size_t'(으)로의 변환에는 축소 변환이 필요합니다.
D:\c\fsrcnn\찐완성본\FSRCNN_OpenCL\FSRCNN_OpenCL\util.h(401,47): warning C4838: 'int'에서 'size_t'(으)로의 변환에는 축소 변환이 필요합니다.
D:\c\fsrcnn\찐완성본\FSRCNN_OpenCL\FSRCNN_OpenCL\util.h(403,22): warning C4101: 'maxVal' :참조되지 않은 지역 변수입니다.
D:\c\fsrcnn\찐완성본\FSRCNN_OpenCL\FSRCNN_OpenCL\util.h(403,12): warning C4101: 'minVal' :참조되지 않은 지역 변수입니다.
D:\c\fsrcnn\찐완성본\FSRCNN_OpenCL\FSRCNN_OpenCL\util.h(531,14): warning C4244: '초기화 중': 'int'에서 'float'(으)로 변환하면서 데이터가 손실될 수 있습니다.
D:\c\fsrcnn\찐완성본\FSRCNN_OpenCL\FSRCNN_OpenCL\util.h(532,14): warning C4244: '초기화 중': 'int'에서 'float'(으)로 변환하면서 데이터가 손실될 수 있습니다.
D:\c\fsrcnn\찐완성본\FSRCNN_OpenCL\FSRCNN_OpenCL\util.h(533,19): warning C4244: '초기화 중': 'int'에서 'float'(으)로 변환하면서 데이터가 손실될 수 있습니다.
D:\c\fsrcnn\찐완성본\FSRCNN_OpenCL\FSRCNN_OpenCL\util.h(552,23): warning C4244: '초기화 중': 'float'에서 'int'(으)로 변환하면서 데이터가 손실될 수 있습니다.
D:\c\fsrcnn\찐완성본\FSRCNN_OpenCL\FSRCNN_OpenCL\util.h(555,20): warning C4244: '=': 'float'에서 'int'(으)로 변환하면서 데이터가 손실될 수 있습니다.
D:\c\fsrcnn\찐완성본\FSRCNN_OpenCL\FSRCNN_OpenCL\util.h(556,20): warning C4244: '=': 'float'에서 'int'(으)로 변환하면서 데이터가 손실될 수 있습니다.
D:\c\fsrcnn\찐완성본\FSRCNN_OpenCL\FSRCNN_OpenCL\util.h(560,23): warning C4244: '인수': 'int'에서 'float'(으)로 변환하면서 데이터가 손실될 수 있습니다.
D:\c\fsrcnn\찐완성본\FSRCNN_OpenCL\FSRCNN_OpenCL\util.h(573,23): warning C4244: '인수': 'int'에서 'float'(으)로 변환하면서 데이터가 손실될 수 있습니다.
D:\c\fsrcnn\찐완성본\FSRCNN_OpenCL\FSRCNN_OpenCL\util.h(590,28): warning C4244: '=': 'double'에서 'float'(으)로 변환하면서 데이터가 손실될 수 있습니다.
D:\c\fsrcnn\찐완성본\FSRCNN_OpenCL\FSRCNN_OpenCL\util.h(591,24): warning C4244: '=': 'double'에서 'float'(으)로 변환하면서 데이터가 손실될 수 있습니다.
D:\c\fsrcnn\찐완성본\FSRCNN_OpenCL\FSRCNN_OpenCL\util.h(592,35): warning C4244: '=': 'double'에서 'float'(으)로 변환하면서 데이터가 손실될 수 있습니다.
D:\c\fsrcnn\찐완성본\FSRCNN_OpenCL\FSRCNN_OpenCL\util.h(593,35): warning C4244: '=': 'double'에서 'float'(으)로 변환하면서 데이터가 손실될 수 있습니다.
D:\c\fsrcnn\찐완성본\FSRCNN_OpenCL\FSRCNN_OpenCL\util.h(595,28): warning C4244: '=': 'double'에서 'float'(으)로 변환하면서 데이터가 손실될 수 있습니다.
D:\c\fsrcnn\찐완성본\FSRCNN_OpenCL\FSRCNN_OpenCL\util.h(596,24): warning C4244: '=': 'double'에서 'float'(으)로 변환하면서 데이터가 손실될 수 있습니다.
D:\c\fsrcnn\찐완성본\FSRCNN_OpenCL\FSRCNN_OpenCL\util.h(597,35): warning C4244: '=': 'double'에서 'float'(으)로 변환하면서 데이터가 손실될 수 있습니다.
D:\c\fsrcnn\찐완성본\FSRCNN_OpenCL\FSRCNN_OpenCL\util.h(598,35): warning C4244: '=': 'double'에서 'float'(으)로 변환하면서 데이터가 손실될 수 있습니다.
D:\c\fsrcnn\찐완성본\FSRCNN_OpenCL\FSRCNN_OpenCL\util.h(729,44): warning C4244: '=': 'float'에서 'int'(으)로 변환하면서 데이터가 손실될 수 있습니다.
D:\c\fsrcnn\찐완성본\FSRCNN_OpenCL\FSRCNN_OpenCL\util.h(730,44): warning C4244: '=': 'float'에서 'int'(으)로 변환하면서 데이터가 손실될 수 있습니다.
D:\c\fsrcnn\찐완성본\FSRCNN_OpenCL\FSRCNN_OpenCL\util.h(731,51): warning C4244: '=': 'float'에서 'int'(으)로 변환하면서 데이터가 손실될 수 있습니다.
D:\c\fsrcnn\찐완성본\FSRCNN_OpenCL\FSRCNN_OpenCL\util.h(733,44): warning C4244: '=': 'float'에서 'int'(으)로 변환하면서 데이터가 손실될 수 있습니다.
D:\c\fsrcnn\찐완성본\FSRCNN_OpenCL\FSRCNN_OpenCL\util.h(734,44): warning C4244: '=': 'float'에서 'int'(으)로 변환하면서 데이터가 손실될 수 있습니다.
D:\c\fsrcnn\찐완성본\FSRCNN_OpenCL\FSRCNN_OpenCL\util.h(735,51): warning C4244: '=': 'float'에서 'int'(으)로 변환하면서 데이터가 손실될 수 있습니다.
D:\c\fsrcnn\찐완성본\FSRCNN_OpenCL\FSRCNN_OpenCL\util.h(737,44): warning C4244: '=': 'float'에서 'int'(으)로 변환하면서 데이터가 손실될 수 있습니다.
D:\c\fsrcnn\찐완성본\FSRCNN_OpenCL\FSRCNN_OpenCL\util.h(738,44): warning C4244: '=': 'float'에서 'int'(으)로 변환하면서 데이터가 손실될 수 있습니다.
D:\c\fsrcnn\찐완성본\FSRCNN_OpenCL\FSRCNN_OpenCL\util.h(739,51): warning C4244: '=': 'float'에서 'int'(으)로 변환하면서 데이터가 손실될 수 있습니다.
D:\c\fsrcnn\찐완성본\FSRCNN_OpenCL\FSRCNN_OpenCL\util.h(741,44): warning C4244: '=': 'float'에서 'int'(으)로 변환하면서 데이터가 손실될 수 있습니다.
D:\c\fsrcnn\찐완성본\FSRCNN_OpenCL\FSRCNN_OpenCL\util.h(742,44): warning C4244: '=': 'float'에서 'int'(으)로 변환하면서 데이터가 손실될 수 있습니다.
D:\c\fsrcnn\찐완성본\FSRCNN_OpenCL\FSRCNN_OpenCL\util.h(743,50): warning C4244: '=': 'float'에서 'int'(으)로 변환하면서 데이터가 손실될 수 있습니다.
D:\c\fsrcnn\찐완성본\FSRCNN_OpenCL\FSRCNN_OpenCL\util.h(747,44): warning C4244: '=': 'float'에서 'int'(으)로 변환하면서 데이터가 손실될 수 있습니다.
D:\c\fsrcnn\찐완성본\FSRCNN_OpenCL\FSRCNN_OpenCL\util.h(748,44): warning C4244: '=': 'float'에서 'int'(으)로 변환하면서 데이터가 손실될 수 있습니다.
D:\c\fsrcnn\찐완성본\FSRCNN_OpenCL\FSRCNN_OpenCL\util.h(749,51): warning C4244: '=': 'float'에서 'int'(으)로 변환하면서 데이터가 손실될 수 있습니다.
D:\c\fsrcnn\찐완성본\FSRCNN_OpenCL\FSRCNN_OpenCL\util.h(751,44): warning C4244: '=': 'float'에서 'int'(으)로 변환하면서 데이터가 손실될 수 있습니다.
D:\c\fsrcnn\찐완성본\FSRCNN_OpenCL\FSRCNN_OpenCL\util.h(752,44): warning C4244: '=': 'float'에서 'int'(으)로 변환하면서 데이터가 손실될 수 있습니다.
D:\c\fsrcnn\찐완성본\FSRCNN_OpenCL\FSRCNN_OpenCL\util.h(753,51): warning C4244: '=': 'float'에서 'int'(으)로 변환하면서 데이터가 손실될 수 있습니다.
D:\c\fsrcnn\찐완성본\FSRCNN_OpenCL\FSRCNN_OpenCL\util.h(755,44): warning C4244: '=': 'float'에서 'int'(으)로 변환하면서 데이터가 손실될 수 있습니다.
D:\c\fsrcnn\찐완성본\FSRCNN_OpenCL\FSRCNN_OpenCL\util.h(756,44): warning C4244: '=': 'float'에서 'int'(으)로 변환하면서 데이터가 손실될 수 있습니다.
D:\c\fsrcnn\찐완성본\FSRCNN_OpenCL\FSRCNN_OpenCL\util.h(757,51): warning C4244: '=': 'float'에서 'int'(으)로 변환하면서 데이터가 손실될 수 있습니다.
D:\c\fsrcnn\찐완성본\FSRCNN_OpenCL\FSRCNN_OpenCL\util.h(759,44): warning C4244: '=': 'float'에서 'int'(으)로 변환하면서 데이터가 손실될 수 있습니다.
D:\c\fsrcnn\찐완성본\FSRCNN_OpenCL\FSRCNN_OpenCL\util.h(760,44): warning C4244: '=': 'float'에서 'int'(으)로 변환하면서 데이터가 손실될 수 있습니다.
D:\c\fsrcnn\찐완성본\FSRCNN_OpenCL\FSRCNN_OpenCL\util.h(761,50): warning C4244: '=': 'float'에서 'int'(으)로 변환하면서 데이터가 손실될 수 있습니다.
D:\c\fsrcnn\찐완성본\FSRCNN_OpenCL\FSRCNN_OpenCL\util.h(765,44): warning C4244: '=': 'float'에서 'int'(으)로 변환하면서 데이터가 손실될 수 있습니다.
D:\c\fsrcnn\찐완성본\FSRCNN_OpenCL\FSRCNN_OpenCL\util.h(766,44): warning C4244: '=': 'float'에서 'int'(으)로 변환하면서 데이터가 손실될 수 있습니다.
D:\c\fsrcnn\찐완성본\FSRCNN_OpenCL\FSRCNN_OpenCL\util.h(767,51): warning C4244: '=': 'float'에서 'int'(으)로 변환하면서 데이터가 손실될 수 있습니다.
D:\c\fsrcnn\찐완성본\FSRCNN_OpenCL\FSRCNN_OpenCL\util.h(769,44): warning C4244: '=': 'float'에서 'int'(으)로 변환하면서 데이터가 손실될 수 있습니다.
D:\c\fsrcnn\찐완성본\FSRCNN_OpenCL\FSRCNN_OpenCL\util.h(770,44): warning C4244: '=': 'float'에서 'int'(으)로 변환하면서 데이터가 손실될 수 있습니다.
D:\c\fsrcnn\찐완성본\FSRCNN_OpenCL\FSRCNN_OpenCL\util.h(771,51): warning C4244: '=': 'float'에서 'int'(으)로 변환하면서 데이터가 손실될 수 있습니다.
D:\c\fsrcnn\찐완성본\FSRCNN_OpenCL\FSRCNN_OpenCL\util.h(773,45): warning C4244: '=': 'float'에서 'int'(으)로 변환하면서 데이터가 손실될 수 있습니다.
D:\c\fsrcnn\찐완성본\FSRCNN_OpenCL\FSRCNN_OpenCL\util.h(774,45): warning C4244: '=': 'float'에서 'int'(으)로 변환하면서 데이터가 손실될 수 있습니다.
D:\c\fsrcnn\찐완성본\FSRCNN_OpenCL\FSRCNN_OpenCL\util.h(775,52): warning C4244: '=': 'float'에서 'int'(으)로 변환하면서 데이터가 손실될 수 있습니다.
D:\c\fsrcnn\찐완성본\FSRCNN_OpenCL\FSRCNN_OpenCL\util.h(777,45): warning C4244: '=': 'float'에서 'int'(으)로 변환하면서 데이터가 손실될 수 있습니다.
D:\c\fsrcnn\찐완성본\FSRCNN_OpenCL\FSRCNN_OpenCL\util.h(778,45): warning C4244: '=': 'float'에서 'int'(으)로 변환하면서 데이터가 손실될 수 있습니다.
D:\c\fsrcnn\찐완성본\FSRCNN_OpenCL\FSRCNN_OpenCL\util.h(779,51): warning C4244: '=': 'float'에서 'int'(으)로 변환하면서 데이터가 손실될 수 있습니다.
D:\c\fsrcnn\찐완성본\FSRCNN_OpenCL\FSRCNN_OpenCL\util.h(783,45): warning C4244: '=': 'float'에서 'int'(으)로 변환하면서 데이터가 손실될 수 있습니다.
D:\c\fsrcnn\찐완성본\FSRCNN_OpenCL\FSRCNN_OpenCL\util.h(784,45): warning C4244: '=': 'float'에서 'int'(으)로 변환하면서 데이터가 손실될 수 있습니다.
D:\c\fsrcnn\찐완성본\FSRCNN_OpenCL\FSRCNN_OpenCL\util.h(785,51): warning C4244: '=': 'float'에서 'int'(으)로 변환하면서 데이터가 손실될 수 있습니다.
D:\c\fsrcnn\찐완성본\FSRCNN_OpenCL\FSRCNN_OpenCL\util.h(787,45): warning C4244: '=': 'float'에서 'int'(으)로 변환하면서 데이터가 손실될 수 있습니다.
D:\c\fsrcnn\찐완성본\FSRCNN_OpenCL\FSRCNN_OpenCL\util.h(788,45): warning C4244: '=': 'float'에서 'int'(으)로 변환하면서 데이터가 손실될 수 있습니다.
D:\c\fsrcnn\찐완성본\FSRCNN_OpenCL\FSRCNN_OpenCL\util.h(789,51): warning C4244: '=': 'float'에서 'int'(으)로 변환하면서 데이터가 손실될 수 있습니다.
D:\c\fsrcnn\찐완성본\FSRCNN_OpenCL\FSRCNN_OpenCL\util.h(791,45): warning C4244: '=': 'float'에서 'int'(으)로 변환하면서 데이터가 손실될 수 있습니다.
D:\c\fsrcnn\찐완성본\FSRCNN_OpenCL\FSRCNN_OpenCL\util.h(792,45): warning C4244: '=': 'float'에서 'int'(으)로 변환하면서 데이터가 손실될 수 있습니다.
D:\c\fsrcnn\찐완성본\FSRCNN_OpenCL\FSRCNN_OpenCL\util.h(793,51): warning C4244: '=': 'float'에서 'int'(으)로 변환하면서 데이터가 손실될 수 있습니다.
D:\c\fsrcnn\찐완성본\FSRCNN_OpenCL\FSRCNN_OpenCL\util.h(795,45): warning C4244: '=': 'float'에서 'int'(으)로 변환하면서 데이터가 손실될 수 있습니다.
D:\c\fsrcnn\찐완성본\FSRCNN_OpenCL\FSRCNN_OpenCL\util.h(796,45): warning C4244: '=': 'float'에서 'int'(으)로 변환하면서 데이터가 손실될 수 있습니다.
D:\c\fsrcnn\찐완성본\FSRCNN_OpenCL\FSRCNN_OpenCL\util.h(797,50): warning C4244: '=': 'float'에서 'int'(으)로 변환하면서 데이터가 손실될 수 있습니다.
D:\c\fsrcnn\찐완성본\FSRCNN_OpenCL\FSRCNN_OpenCL\util.h(897,12): warning C4244: '초기화 중': 'float'에서 'int'(으)로 변환하면서 데이터가 손실될 수 있습니다.
D:\c\fsrcnn\찐완성본\FSRCNN_OpenCL\FSRCNN_OpenCL\util.h(898,12): warning C4244: '초기화 중': 'float'에서 'int'(으)로 변환하면서 데이터가 손실될 수 있습니다.
D:\c\fsrcnn\찐완성본\FSRCNN_OpenCL\FSRCNN_OpenCL\util.h(1215,68): warning C4244: '=': 'double'에서 'float'(으)로 변환하면서 데이터가 손실될 수 있습니다.
D:\c\fsrcnn\찐완성본\FSRCNN_OpenCL\FSRCNN_OpenCL\util.h(1243,69): warning C4244: '=': 'float'에서 'BYTE'(으)로 변환하면서 데이터가 손실될 수 있습니다.
D:\c\fsrcnn\찐완성본\FSRCNN_OpenCL\FSRCNN_OpenCL\util.h(1244,77): warning C4244: '=': 'float'에서 'BYTE'(으)로 변환하면서 데이터가 손실될 수 있습니다.
D:\c\fsrcnn\찐완성본\FSRCNN_OpenCL\FSRCNN_OpenCL\util.h(1245,77): warning C4244: '=': 'float'에서 'BYTE'(으)로 변환하면서 데이터가 손실될 수 있습니다.
D:\c\fsrcnn\찐완성본\FSRCNN_OpenCL\FSRCNN_OpenCL\util.h(1279,10): warning C4101: 'kernel_num' :참조되지 않은 지역 변수입니다.
D:\c\fsrcnn\찐완성본\FSRCNN_OpenCL\FSRCNN_OpenCL\util.h(1315,10): warning C4101: 'kernel_num' :참조되지 않은 지역 변수입니다.
D:\c\fsrcnn\찐완성본\FSRCNN_OpenCL\FSRCNN_OpenCL\util.h(1380,12): warning C4477: 'printf' : 서식 문자열 '%.3f'에 'double' 형식의 인수가 필요하지만 variadic 인수 1의 형식이 'clock_t'입니다.
D:\c\fsrcnn\찐완성본\FSRCNN_OpenCL\FSRCNN_OpenCL\first_part.cpp(74,111): warning C4244: '=': 'double'에서 'float'(으)로 변환하면서 데이터가 손실될 수 있습니다.
D:\c\fsrcnn\찐완성본\FSRCNN_OpenCL\FSRCNN_OpenCL\first_part.cpp(79,23): warning C4244: '=': 'double'에서 'float'(으)로 변환하면서 데이터가 손실될 수 있습니다.
D:\c\fsrcnn\찐완성본\FSRCNN_OpenCL\FSRCNN_OpenCL\first_part.cpp(80,23): warning C4244: '=': 'double'에서 'float'(으)로 변환하면서 데이터가 손실될 수 있습니다.
D:\c\fsrcnn\찐완성본\FSRCNN_OpenCL\FSRCNN_OpenCL\first_part.cpp(568,12): warning C4129: 'N': 문자 이스케이프 시퀀스를 인식할 수 없습니다.
D:\c\fsrcnn\찐완성본\FSRCNN_OpenCL\FSRCNN_OpenCL\first_part.cpp(703,12): warning C4129: 'N': 문자 이스케이프 시퀀스를 인식할 수 없습니다.
D:\c\fsrcnn\찐완성본\FSRCNN_OpenCL\FSRCNN_OpenCL\first_part.cpp(1037,92): warning C4244: '=': 'double'에서 'float'(으)로 변환하면서 데이터가 손실될 수 있습니다.
D:\c\fsrcnn\찐완성본\FSRCNN_OpenCL\FSRCNN_OpenCL\first_part.cpp(1038,117): warning C4244: '=': 'double'에서 'float'(으)로 변환하면서 데이터가 손실될 수 있습니다.
D:\c\fsrcnn\찐완성본\FSRCNN_OpenCL\FSRCNN_OpenCL\first_part.cpp(1039,92): warning C4244: '=': 'double'에서 'float'(으)로 변환하면서 데이터가 손실될 수 있습니다.
D:\c\fsrcnn\찐완성본\FSRCNN_OpenCL\FSRCNN_OpenCL\first_part.cpp(1066,12): warning C4477: 'printf' : 서식 문자열 '%.3f'에 'double' 형식의 인수가 필요하지만 variadic 인수 1의 형식이 'clock_t'입니다.
  코드를 생성하고 있습니다.
  2 of 29 functions ( 6.9%) were compiled, the rest were copied from previous compilation.
    0 functions were new in current compilation
    0 functions had inline decision re-evaluated but remain unchanged
  코드를 생성했습니다.
  FSRCNN_OpenCL.vcxproj -> D:\c\fsrcnn\찐완성본\FSRCNN_OpenCL\x64\Release\FSRCNN_OpenCL.exe
  convolution.cl
          1개 파일이 복사되었습니다.
